{"C:\\Users\\isabe\\Documents\\GitHub\\project-basalt\\src\\App.tsx": {"path":"C:\\Users\\isabe\\Documents\\GitHub\\project-basalt\\src\\App.tsx","statementMap":{"0":{"start":{"line":1,"column":0},"end":{"line":1,"column":26}},"1":{"start":{"line":2,"column":0},"end":{"line":2,"column":40}},"2":{"start":{"line":3,"column":0},"end":{"line":3,"column":21}},"3":{"start":{"line":6,"column":2},"end":{"line":12,"column":4}},"4":{"start":{"line":15,"column":0},"end":{"line":15,"column":19}}},"fnMap":{"0":{"name":"App","decl":{"start":{"line":5,"column":9},"end":{"line":5,"column":12}},"loc":{"start":{"line":5,"column":12},"end":{"line":13,"column":1}}}},"branchMap":{},"s":{"0":0,"1":0,"2":0,"3":0,"4":0},"f":{"0":0},"b":{}}
,"C:\\Users\\isabe\\Documents\\GitHub\\project-basalt\\src\\main.tsx": {"path":"C:\\Users\\isabe\\Documents\\GitHub\\project-basalt\\src\\main.tsx","statementMap":{"0":{"start":{"line":1,"column":0},"end":{"line":1,"column":26}},"1":{"start":{"line":2,"column":0},"end":{"line":2,"column":40}},"2":{"start":{"line":3,"column":0},"end":{"line":3,"column":24}},"3":{"start":{"line":4,"column":0},"end":{"line":4,"column":21}},"4":{"start":{"line":6,"column":20},"end":{"line":6,"column":51}},"5":{"start":{"line":8,"column":0},"end":{"line":10,"column":1}},"6":{"start":{"line":9,"column":2},"end":{"line":9,"column":50}},"7":{"start":{"line":12,"column":0},"end":{"line":16,"column":2}}},"fnMap":{},"branchMap":{"0":{"loc":{"start":{"line":8,"column":0},"end":{"line":10,"column":1}},"type":"if","locations":[{"start":{"line":8,"column":0},"end":{"line":10,"column":1}}]}},"s":{"0":0,"1":0,"2":0,"3":0,"4":0,"5":0,"6":0,"7":0},"f":{},"b":{"0":[0]}}
,"C:\\Users\\isabe\\Documents\\GitHub\\project-basalt\\src\\components\\SaveNoteModal.tsx": {"path":"C:\\Users\\isabe\\Documents\\GitHub\\project-basalt\\src\\components\\SaveNoteModal.tsx","statementMap":{"0":{"start":{"line":12,"column":0},"end":{"line":12,"column":24}},"1":{"start":{"line":1,"column":0},"end":{"line":1,"column":26}},"2":{"start":{"line":2,"column":0},"end":{"line":2,"column":37}},"3":{"start":{"line":13,"column":2},"end":{"line":42,"column":4}},"4":{"start":{"line":25,"column":27},"end":{"line":25,"column":62}},"5":{"start":{"line":30,"column":12},"end":{"line":30,"column":30}}},"fnMap":{"0":{"name":"SaveNoteModal","decl":{"start":{"line":12,"column":24},"end":{"line":12,"column":37}},"loc":{"start":{"line":12,"column":128},"end":{"line":43,"column":1}}},"1":{"name":"(anonymous_2)","decl":{"start":{"line":25,"column":20},"end":{"line":25,"column":21}},"loc":{"start":{"line":25,"column":27},"end":{"line":25,"column":62}}},"2":{"name":"(anonymous_3)","decl":{"start":{"line":29,"column":22},"end":{"line":29,"column":23}},"loc":{"start":{"line":30,"column":12},"end":{"line":30,"column":30}}}},"branchMap":{},"s":{"0":1,"1":1,"2":1,"3":1,"4":0,"5":2},"f":{"0":1,"1":0,"2":2},"b":{}}
,"C:\\Users\\isabe\\Documents\\GitHub\\project-basalt\\src\\components\\SidebarMenu.tsx": {"path":"C:\\Users\\isabe\\Documents\\GitHub\\project-basalt\\src\\components\\SidebarMenu.tsx","statementMap":{"0":{"start":{"line":12,"column":0},"end":{"line":12,"column":24}},"1":{"start":{"line":1,"column":0},"end":{"line":1,"column":40}},"2":{"start":{"line":2,"column":0},"end":{"line":2,"column":76}},"3":{"start":{"line":13,"column":38},"end":{"line":13,"column":53}},"4":{"start":{"line":14,"column":44},"end":{"line":14,"column":84}},"5":{"start":{"line":16,"column":22},"end":{"line":18,"column":3}},"6":{"start":{"line":17,"column":4},"end":{"line":17,"column":69}},"7":{"start":{"line":17,"column":32},"end":{"line":17,"column":66}},"8":{"start":{"line":20,"column":2},"end":{"line":68,"column":4}},"9":{"start":{"line":23,"column":23},"end":{"line":23,"column":49}},"10":{"start":{"line":41,"column":12},"end":{"line":41,"column":29}},"11":{"start":{"line":43,"column":31},"end":{"line":43,"column":49}},"12":{"start":{"line":53,"column":20},"end":{"line":54,"column":null}},"13":{"start":{"line":55,"column":37},"end":{"line":55,"column":57}}},"fnMap":{"0":{"name":"SidebarMenu","decl":{"start":{"line":12,"column":24},"end":{"line":12,"column":35}},"loc":{"start":{"line":12,"column":118},"end":{"line":69,"column":1}}},"1":{"name":"(anonymous_10)","decl":{"start":{"line":16,"column":22},"end":{"line":16,"column":23}},"loc":{"start":{"line":16,"column":40},"end":{"line":18,"column":3}}},"2":{"name":"(anonymous_11)","decl":{"start":{"line":17,"column":21},"end":{"line":17,"column":22}},"loc":{"start":{"line":17,"column":32},"end":{"line":17,"column":66}}},"3":{"name":"(anonymous_12)","decl":{"start":{"line":23,"column":17},"end":{"line":23,"column":20}},"loc":{"start":{"line":23,"column":23},"end":{"line":23,"column":49}}},"4":{"name":"(anonymous_13)","decl":{"start":{"line":40,"column":22},"end":{"line":40,"column":23}},"loc":{"start":{"line":41,"column":12},"end":{"line":41,"column":29}}},"5":{"name":"(anonymous_14)","decl":{"start":{"line":43,"column":25},"end":{"line":43,"column":28}},"loc":{"start":{"line":43,"column":31},"end":{"line":43,"column":49}}},"6":{"name":"(anonymous_15)","decl":{"start":{"line":52,"column":37},"end":{"line":52,"column":38}},"loc":{"start":{"line":53,"column":20},"end":{"line":54,"column":null}}},"7":{"name":"(anonymous_16)","decl":{"start":{"line":55,"column":31},"end":{"line":55,"column":34}},"loc":{"start":{"line":55,"column":37},"end":{"line":55,"column":57}}}},"branchMap":{"0":{"loc":{"start":{"line":26,"column":9},"end":{"line":26,"column":62}},"type":"cond-expr","locations":[{"start":{"line":26,"column":22},"end":{"line":26,"column":39}},{"start":{"line":26,"column":42},"end":{"line":26,"column":62}}]},"1":{"loc":{"start":{"line":29,"column":7},"end":{"line":65,"column":null}},"type":"binary-expr","locations":[{"start":{"line":29,"column":7},"end":{"line":29,"column":17}},{"start":{"line":30,"column":8},"end":{"line":64,"column":null}}]},"2":{"loc":{"start":{"line":47,"column":17},"end":{"line":47,"column":78}},"type":"cond-expr","locations":[{"start":{"line":47,"column":40},"end":{"line":47,"column":57}},{"start":{"line":47,"column":60},"end":{"line":47,"column":78}}]},"3":{"loc":{"start":{"line":50,"column":15},"end":{"line":61,"column":null}},"type":"binary-expr","locations":[{"start":{"line":50,"column":15},"end":{"line":50,"column":35}},{"start":{"line":51,"column":16},"end":{"line":60,"column":null}}]}},"s":{"0":0,"1":0,"2":0,"3":0,"4":0,"5":0,"6":0,"7":0,"8":0,"9":0,"10":0,"11":0,"12":0,"13":0},"f":{"0":0,"1":0,"2":0,"3":0,"4":0,"5":0,"6":0,"7":0},"b":{"0":[0,0],"1":[0,0],"2":[0,0],"3":[0,0]}}
,"C:\\Users\\isabe\\Documents\\GitHub\\project-basalt\\src\\pages\\NotePage.tsx": {"path":"C:\\Users\\isabe\\Documents\\GitHub\\project-basalt\\src\\pages\\NotePage.tsx","statementMap":{"0":{"start":{"line":6,"column":0},"end":{"line":6,"column":24}},"1":{"start":{"line":1,"column":0},"end":{"line":1,"column":40}},"2":{"start":{"line":2,"column":0},"end":{"line":2,"column":52}},"3":{"start":{"line":3,"column":0},"end":{"line":3,"column":43}},"4":{"start":{"line":4,"column":0},"end":{"line":4,"column":53}},"5":{"start":{"line":7,"column":26},"end":{"line":7,"column":72}},"6":{"start":{"line":8,"column":30},"end":{"line":8,"column":69}},"7":{"start":{"line":9,"column":28},"end":{"line":11,"column":4}},"8":{"start":{"line":13,"column":40},"end":{"line":13,"column":55}},"9":{"start":{"line":14,"column":50},"end":{"line":14,"column":62}},"10":{"start":{"line":16,"column":23},"end":{"line":18,"column":3}},"11":{"start":{"line":17,"column":4},"end":{"line":17,"column":28}},"12":{"start":{"line":20,"column":25},"end":{"line":22,"column":3}},"13":{"start":{"line":21,"column":4},"end":{"line":21,"column":22}},"14":{"start":{"line":24,"column":24},"end":{"line":26,"column":3}},"15":{"start":{"line":25,"column":4},"end":{"line":25,"column":51}},"16":{"start":{"line":28,"column":25},"end":{"line":34,"column":3}},"17":{"start":{"line":29,"column":17},"end":{"line":29,"column":55}},"18":{"start":{"line":30,"column":4},"end":{"line":33,"column":5}},"19":{"start":{"line":31,"column":6},"end":{"line":31,"column":35}},"20":{"start":{"line":32,"column":6},"end":{"line":32,"column":41}},"21":{"start":{"line":36,"column":21},"end":{"line":38,"column":3}},"22":{"start":{"line":37,"column":4},"end":{"line":37,"column":25}},"23":{"start":{"line":40,"column":26},"end":{"line":52,"column":3}},"24":{"start":{"line":41,"column":4},"end":{"line":51,"column":5}},"25":{"start":{"line":42,"column":6},"end":{"line":45,"column":10}},"26":{"start":{"line":42,"column":26},"end":{"line":45,"column":8}},"27":{"start":{"line":46,"column":6},"end":{"line":46,"column":39}},"28":{"start":{"line":47,"column":6},"end":{"line":47,"column":28}},"29":{"start":{"line":48,"column":6},"end":{"line":48,"column":30}},"30":{"start":{"line":50,"column":6},"end":{"line":50,"column":48}},"31":{"start":{"line":54,"column":23},"end":{"line":54,"column":43}},"32":{"start":{"line":56,"column":2},"end":{"line":117,"column":4}},"33":{"start":{"line":93,"column":33},"end":{"line":93,"column":68}},"34":{"start":{"line":98,"column":18},"end":{"line":98,"column":38}},"35":{"start":{"line":105,"column":39},"end":{"line":105,"column":60}}},"fnMap":{"0":{"name":"NotePage","decl":{"start":{"line":6,"column":24},"end":{"line":6,"column":32}},"loc":{"start":{"line":6,"column":32},"end":{"line":118,"column":1}}},"1":{"name":"(anonymous_11)","decl":{"start":{"line":16,"column":23},"end":{"line":16,"column":24}},"loc":{"start":{"line":16,"column":69},"end":{"line":18,"column":3}}},"2":{"name":"(anonymous_12)","decl":{"start":{"line":20,"column":25},"end":{"line":20,"column":26}},"loc":{"start":{"line":20,"column":46},"end":{"line":22,"column":3}}},"3":{"name":"(anonymous_13)","decl":{"start":{"line":24,"column":24},"end":{"line":24,"column":27}},"loc":{"start":{"line":24,"column":29},"end":{"line":26,"column":3}}},"4":{"name":"(anonymous_14)","decl":{"start":{"line":28,"column":25},"end":{"line":28,"column":28}},"loc":{"start":{"line":28,"column":30},"end":{"line":34,"column":3}}},"5":{"name":"(anonymous_15)","decl":{"start":{"line":36,"column":21},"end":{"line":36,"column":24}},"loc":{"start":{"line":36,"column":26},"end":{"line":38,"column":3}}},"6":{"name":"(anonymous_16)","decl":{"start":{"line":40,"column":26},"end":{"line":40,"column":29}},"loc":{"start":{"line":40,"column":31},"end":{"line":52,"column":3}}},"7":{"name":"(anonymous_17)","decl":{"start":{"line":42,"column":15},"end":{"line":42,"column":16}},"loc":{"start":{"line":42,"column":26},"end":{"line":45,"column":8}}},"8":{"name":"(anonymous_18)","decl":{"start":{"line":93,"column":26},"end":{"line":93,"column":27}},"loc":{"start":{"line":93,"column":33},"end":{"line":93,"column":68}}},"9":{"name":"(anonymous_19)","decl":{"start":{"line":97,"column":28},"end":{"line":97,"column":29}},"loc":{"start":{"line":98,"column":18},"end":{"line":98,"column":38}}},"10":{"name":"(anonymous_20)","decl":{"start":{"line":105,"column":33},"end":{"line":105,"column":36}},"loc":{"start":{"line":105,"column":39},"end":{"line":105,"column":60}}}},"branchMap":{"0":{"loc":{"start":{"line":30,"column":4},"end":{"line":33,"column":5}},"type":"if","locations":[{"start":{"line":30,"column":4},"end":{"line":33,"column":5}}]},"1":{"loc":{"start":{"line":30,"column":8},"end":{"line":30,"column":38}},"type":"binary-expr","locations":[{"start":{"line":30,"column":8},"end":{"line":30,"column":12}},{"start":{"line":30,"column":16},"end":{"line":30,"column":38}}]},"2":{"loc":{"start":{"line":41,"column":4},"end":{"line":51,"column":5}},"type":"if","locations":[{"start":{"line":41,"column":4},"end":{"line":51,"column":5}},{"start":{"line":49,"column":11},"end":{"line":51,"column":5}}]},"3":{"loc":{"start":{"line":44,"column":33},"end":{"line":44,"column":61}},"type":"binary-expr","locations":[{"start":{"line":44,"column":33},"end":{"line":44,"column":55}},{"start":{"line":44,"column":59},"end":{"line":44,"column":61}}]},"4":{"loc":{"start":{"line":87,"column":9},"end":{"line":113,"column":null}},"type":"binary-expr","locations":[{"start":{"line":87,"column":9},"end":{"line":87,"column":20}},{"start":{"line":88,"column":10},"end":{"line":112,"column":null}}]}},"s":{"0":0,"1":0,"2":0,"3":0,"4":0,"5":0,"6":0,"7":0,"8":0,"9":0,"10":0,"11":0,"12":0,"13":0,"14":0,"15":0,"16":0,"17":0,"18":0,"19":0,"20":0,"21":0,"22":0,"23":0,"24":0,"25":0,"26":0,"27":0,"28":0,"29":0,"30":0,"31":0,"32":0,"33":0,"34":0,"35":0},"f":{"0":0,"1":0,"2":0,"3":0,"4":0,"5":0,"6":0,"7":0,"8":0,"9":0,"10":0},"b":{"0":[0],"1":[0,0],"2":[0,0],"3":[0,0],"4":[0,0]}}
,"C:\\Users\\isabe\\Documents\\GitHub\\project-basalt\\src\\utils\\linkParser.ts": {"path":"C:\\Users\\isabe\\Documents\\GitHub\\project-basalt\\src\\utils\\linkParser.ts","statementMap":{"0":{"start":{"line":1,"column":0},"end":{"line":1,"column":16}},"1":{"start":{"line":2,"column":16},"end":{"line":2,"column":36}},"2":{"start":{"line":3,"column":2},"end":{"line":3,"column":33}}},"fnMap":{"0":{"name":"parseLinksFromText","decl":{"start":{"line":1,"column":16},"end":{"line":1,"column":34}},"loc":{"start":{"line":1,"column":47},"end":{"line":4,"column":1}}}},"branchMap":{"0":{"loc":{"start":{"line":3,"column":9},"end":{"line":3,"column":32}},"type":"binary-expr","locations":[{"start":{"line":3,"column":9},"end":{"line":3,"column":26}},{"start":{"line":3,"column":30},"end":{"line":3,"column":32}}]}},"s":{"0":1,"1":2,"2":2},"f":{"0":2},"b":{"0":[2,1]}}
,"C:\\Users\\isabe\\Documents\\GitHub\\project-basalt\\src\\utils\\textUtils.ts": {"path":"C:\\Users\\isabe\\Documents\\GitHub\\project-basalt\\src\\utils\\textUtils.ts","statementMap":{"0":{"start":{"line":1,"column":0},"end":{"line":1,"column":16}},"1":{"start":{"line":2,"column":2},"end":{"line":2,"column":23}},"2":{"start":{"line":2,"column":13},"end":{"line":2,"column":23}},"3":{"start":{"line":3,"column":2},"end":{"line":3,"column":54}}},"fnMap":{"0":{"name":"capitalizeFirstLetter","decl":{"start":{"line":1,"column":16},"end":{"line":1,"column":37}},"loc":{"start":{"line":1,"column":50},"end":{"line":4,"column":1}}}},"branchMap":{"0":{"loc":{"start":{"line":2,"column":2},"end":{"line":2,"column":23}},"type":"if","locations":[{"start":{"line":2,"column":2},"end":{"line":2,"column":23}}]}},"s":{"0":1,"1":2,"2":1,"3":1},"f":{"0":2},"b":{"0":[1]}}
}
