TN:
SF:src\App.tsx
FN:5,App
FNF:1
FNH:0
FNDA:0,App
DA:1,0
DA:2,0
DA:3,0
DA:6,0
DA:15,0
LF:5
LH:0
BRF:0
BRH:0
end_of_record
TN:
SF:src\main.tsx
FNF:0
FNH:0
DA:1,0
DA:2,0
DA:3,0
DA:4,0
DA:6,0
DA:8,0
DA:9,0
DA:12,0
LF:8
LH:0
BRDA:8,0,0,0
BRF:1
BRH:0
end_of_record
TN:
SF:src\components\SaveNoteModal.tsx
FN:12,SaveNoteModal
FN:25,(anonymous_2)
FN:29,(anonymous_3)
FNF:3
FNH:2
FNDA:1,SaveNoteModal
FNDA:0,(anonymous_2)
FNDA:2,(anonymous_3)
DA:1,1
DA:2,1
DA:12,1
DA:13,1
DA:25,0
DA:30,2
LF:6
LH:5
BRF:0
BRH:0
end_of_record
TN:
SF:src\components\SidebarMenu.tsx
FN:12,SidebarMenu
FN:16,(anonymous_10)
FN:17,(anonymous_11)
FN:23,(anonymous_12)
FN:40,(anonymous_13)
FN:43,(anonymous_14)
FN:52,(anonymous_15)
FN:55,(anonymous_16)
FNF:8
FNH:0
FNDA:0,SidebarMenu
FNDA:0,(anonymous_10)
FNDA:0,(anonymous_11)
FNDA:0,(anonymous_12)
FNDA:0,(anonymous_13)
FNDA:0,(anonymous_14)
FNDA:0,(anonymous_15)
FNDA:0,(anonymous_16)
DA:1,0
DA:2,0
DA:12,0
DA:13,0
DA:14,0
DA:16,0
DA:17,0
DA:20,0
DA:23,0
DA:41,0
DA:43,0
DA:53,0
DA:55,0
LF:13
LH:0
BRDA:26,0,0,0
BRDA:26,0,1,0
BRDA:29,1,0,0
BRDA:29,1,1,0
BRDA:47,2,0,0
BRDA:47,2,1,0
BRDA:50,3,0,0
BRDA:50,3,1,0
BRF:8
BRH:0
end_of_record
TN:
SF:src\pages\NotePage.tsx
FN:6,NotePage
FN:16,(anonymous_11)
FN:20,(anonymous_12)
FN:24,(anonymous_13)
FN:28,(anonymous_14)
FN:36,(anonymous_15)
FN:40,(anonymous_16)
FN:42,(anonymous_17)
FN:93,(anonymous_18)
FN:97,(anonymous_19)
FN:105,(anonymous_20)
FNF:11
FNH:0
FNDA:0,NotePage
FNDA:0,(anonymous_11)
FNDA:0,(anonymous_12)
FNDA:0,(anonymous_13)
FNDA:0,(anonymous_14)
FNDA:0,(anonymous_15)
FNDA:0,(anonymous_16)
FNDA:0,(anonymous_17)
FNDA:0,(anonymous_18)
FNDA:0,(anonymous_19)
FNDA:0,(anonymous_20)
DA:1,0
DA:2,0
DA:3,0
DA:4,0
DA:6,0
DA:7,0
DA:8,0
DA:9,0
DA:13,0
DA:14,0
DA:16,0
DA:17,0
DA:20,0
DA:21,0
DA:24,0
DA:25,0
DA:28,0
DA:29,0
DA:30,0
DA:31,0
DA:32,0
DA:36,0
DA:37,0
DA:40,0
DA:41,0
DA:42,0
DA:46,0
DA:47,0
DA:48,0
DA:50,0
DA:54,0
DA:56,0
DA:93,0
DA:98,0
DA:105,0
LF:35
LH:0
BRDA:30,0,0,0
BRDA:30,1,0,0
BRDA:30,1,1,0
BRDA:41,2,0,0
BRDA:41,2,1,0
BRDA:44,3,0,0
BRDA:44,3,1,0
BRDA:87,4,0,0
BRDA:87,4,1,0
BRF:9
BRH:0
end_of_record
TN:
SF:src\utils\linkParser.ts
FN:1,parseLinksFromText
FNF:1
FNH:1
FNDA:2,parseLinksFromText
DA:1,1
DA:2,2
DA:3,2
LF:3
LH:3
BRDA:3,0,0,2
BRDA:3,0,1,1
BRF:2
BRH:2
end_of_record
TN:
SF:src\utils\textUtils.ts
FN:1,capitalizeFirstLetter
FNF:1
FNH:1
FNDA:2,capitalizeFirstLetter
DA:1,1
DA:2,2
DA:3,1
LF:3
LH:3
BRDA:2,0,0,1
BRF:1
BRH:1
end_of_record
